2025-10-21 20:11:00 - MOD: Modification Default

FILE: system/engine/action.php
REGEX: ~(require|include)(_once)?\(([^)]+)~
LINE: 69

FILE: system/engine/loader.php
REGEX: ~(require|include)(_once)?\(([^)]+)~
LINE: 77
LINE: 151
LINE: 168

FILE: system/library/config.php
REGEX: ~(require|include)(_once)?\(([^)]+)~
LINE: 59

FILE: system/library/language.php
REGEX: ~(require|include)(_once)?\(([^)]+)~
LINE: 67
LINE: 73

FILE: system/library/template/template.php
REGEX: ~(require|include)(_once)?\(([^)]+)~
LINE: 18

FILE: system/library/template/twig.php
CODE: if (is_file($file)) {
LINE: 13
----------------------------------------------------------------
MOD: Tweak 152 FZ for OpenCart 3x Russkaya sborka

FILE: catalog/controller/information/contact.php
CODE: if (isset($this->error['name'])) {
LINE: 48
CODE: $data['comment'] = $this->config->get('config_comment');
LINE: 106
CODE: return !$this->error;
LINE: 205

FILE: catalog/view/theme/default/template/information/contact.twig
CODE: <div class="row">{{ column_left }}
LINE: 12
CODE: <div class="buttons">
LINE: 154
CODE: </form>
LINE: 162
----------------------------------------------------------------
MOD: Tweak for OpenCart 3x Russkaya sborka

FILE: admin/view/template/common/header.twig
CODE: {% for link in links %}
LINE: 36
CODE: <li><a href="https://www.opencart.com" target="_blank"><i class="fa fa-opencart fa-fw"></i> {{ text_homepage }}</a></li>
LINE: 61
CODE: <li><a href="https://docs.opencart.com" target="_blank"><i class="fa fa-file-text-o fa-fw"></i> {{ text_documentation }}</a></li>
LINE: 64
CODE: <li><a href="https://forum.opencart.com" target="_blank"><i class="fa fa-comments-o fa-fw"></i> {{ text_support }}</a></li>
LINE: 67

FILE: admin/view/template/catalog/product_form.twig
CODE: <label class="col-sm-2 control-label" for="input-sku"><span data-toggle="tooltip" title="{{ help_sku }}">{{ entry_sku }}</span></label>
LINE: 104
CODE: <label class="col-sm-2 control-label" for="input-sku">
LINE: 110
CODE: <label class="col-sm-2 control-label" for="input-location">{{ entry_location }}</label>
LINE: 150
CODE: <input type="text" name="model" value="{{ model }}" placeholder="{{ entry_model }}" id="input-model" class="form-control"/>
LINE: 97
CODE: <li><a href="#tab-recurring" data-toggle="tab">{{ tab_recurring }}</a></li>
LINE: 32

FILE: admin/controller/common/filemanager.php
CODE: $this->load->language('common/filemanager');
LINE: 13
CODE: // Parent
LINE: 133
CODE: $pagination = new Pagination();
LINE: 194
CODE: $directory = rtrim(DIR_IMAGE . 'catalog/' . str_replace('*', '', $this->request->get['directory']), '/');
LINE: 33
CODE: $directory = rtrim(DIR_IMAGE . 'catalog/' . str_replace('*', '', $this->request->get['directory']), '/');
LINE: 33
CODE: public function index() {
LINE: 10
CODE: $filename = basename(html_entity_decode($file['name'], ENT_QUOTES, 'UTF-8'));
LINE: 260
CODE: $folder = basename(html_entity_decode($this->request->post['folder'], ENT_QUOTES, 'UTF-8'));
LINE: 346

FILE: admin/view/template/common/filemanager.twig
CODE: {% for image in images|batch(4) %}
LINE: 34

FILE: catalog/controller/tool/upload.php
CODE: public function index() {
LINE: 10
CODE: $filename = basename(preg_replace('/[^a-zA-Z0-9\.\-\s+]/', '', html_entity_decode($this->request->files['file']['name'], ENT_QUOTES, 'UTF-8')));
LINE: 17

FILE: admin/controller/marketplace/extension.php
CODE: $data['type'] = '';
LINE: 26

FILE: admin/view/template/marketplace/marketplace_list.twig
CODE: {% if license.value == filter_license %}<a href="{{ license.href }}" class="btn btn-default active">{{ license.text }}</a>{% else %}<a href="{{ license.href }}" class="btn btn-default">{{ license.text }}</a>{% endif %}
LINE: 49

FILE: admin/view/template/marketplace/installer.twig
CODE: <legend>{{ text_upload }}</legend>
LINE: 27

FILE: admin/controller/extension/extension/promotion.php
CODE: $curl = curl_init();
LINE: 6

FILE: admin/view/template/common/developer.twig
CODE: <td style="width: 150px;">{{ entry_cache }}</td>
LINE: 11

FILE: catalog/controller/mail/affiliate.php
CODE: $customer_group_id = $args[1]['customer_group_id'];
LINE: 16
LINE: 72
----------------------------------------------------------------
MOD: <b>HYPER Dynamic price of options OC3</b>

FILE: admin/view/template/setting/setting.twig
CODE: <label class="col-sm-2 control-label"><span data-toggle="tooltip" title="{{ help_currency_auto }}">{{ entry_currency_auto }}</span></label>
LINE: 431

FILE: admin/controller/setting/setting.php
CODE: if (isset($this->request->post['config_currency'])) {
LINE: 397

FILE: (sub modification) admin/view/template/catalog/product_form.twig
CODE: {% if product_option_value.price_prefix == '+' %}
LINE: 684
CODE: html += '    <option value="-">-</option>';
LINE: 1525

FILE: system/library/cart/cart.php
CODE: if ($product_discount_query->num_rows) {
LINE: 190
CODE: if ($product_special_query->num_rows) {
LINE: 203
CODE: if ($product_query->num_rows && ($cart['quantity'] > 0)) {
LINE: 54
CODE: if ($option_value_query->row['price_prefix'] == '+') {
LINE: 69
LINE: 114
CODE: $recurring_query = $this->db->query("SELECT
LINE: 292

FILE: catalog/model/catalog/product.php
CODE: => $product_option_value['weight'],
LINE: 362

FILE: catalog/controller/product/product.php
CODE: $data['options'] = array();
LINE: 378
CODE: $product_option_value_data[] = array(
LINE: 407
CODE: $product_option_value_data[] = array(
LINE: 411

FILE: catalog/controller/common/footer.php
CODE: public function index() {
LINE: 18

FILE: catalog/controller/product/category.php
CODE: $option_price = $this->currency->format
NOT FOUND - OPERATION SKIPPED!
CODE: $price = $this->currency->format($this->tax->calculate($option_value['price']
NOT FOUND - OPERATION SKIPPED!

FILE: catalog/controller/product/compare.php
CODE: $option_price = $this->currency->format
NOT FOUND - OPERATION SKIPPED!
CODE: $price = $this->currency->format($this->tax->calculate($option_value['price']
NOT FOUND - OPERATION SKIPPED!

FILE: catalog/controller/product/manufacturer.php
CODE: $option_price = $this->currency->format
NOT FOUND - OPERATION SKIPPED!
CODE: $price = $this->currency->format($this->tax->calculate($option_value['price']
NOT FOUND - OPERATION SKIPPED!

FILE: (sub modification) catalog/controller/product/product.php
CODE: $option_price = $this->currency->format
NOT FOUND - OPERATION SKIPPED!
CODE: $price = $this->currency->format($this->tax->calculate($option_value['price']
LINE: 389

FILE: catalog/controller/product/search.php
CODE: $option_price = $this->currency->format
NOT FOUND - OPERATION SKIPPED!
CODE: $price = $this->currency->format($this->tax->calculate($option_value['price']
NOT FOUND - OPERATION SKIPPED!

FILE: catalog/controller/product/special.php
CODE: $option_price = $this->currency->format
NOT FOUND - OPERATION SKIPPED!
CODE: $price = $this->currency->format($this->tax->calculate($option_value['price']
NOT FOUND - OPERATION SKIPPED!

FILE: catalog/controller/extension/module/account.php
CODE: $option_price = $this->currency->format
NOT FOUND - OPERATION SKIPPED!
CODE: $price = $this->currency->format($this->tax->calculate($option_value['price']
NOT FOUND - OPERATION SKIPPED!

FILE: catalog/controller/extension/module/banner.php
CODE: $option_price = $this->currency->format
NOT FOUND - OPERATION SKIPPED!
CODE: $price = $this->currency->format($this->tax->calculate($option_value['price']
NOT FOUND - OPERATION SKIPPED!

FILE: catalog/controller/extension/module/bestseller.php
CODE: $option_price = $this->currency->format
NOT FOUND - OPERATION SKIPPED!
CODE: $price = $this->currency->format($this->tax->calculate($option_value['price']
NOT FOUND - OPERATION SKIPPED!

FILE: catalog/controller/extension/module/carousel.php
CODE: $option_price = $this->currency->format
NOT FOUND - OPERATION SKIPPED!
CODE: $price = $this->currency->format($this->tax->calculate($option_value['price']
NOT FOUND - OPERATION SKIPPED!

FILE: catalog/controller/extension/module/category.php
CODE: $option_price = $this->currency->format
NOT FOUND - OPERATION SKIPPED!
CODE: $price = $this->currency->format($this->tax->calculate($option_value['price']
NOT FOUND - OPERATION SKIPPED!

FILE: catalog/controller/extension/module/featured.php
CODE: $option_price = $this->currency->format
NOT FOUND - OPERATION SKIPPED!
CODE: $price = $this->currency->format($this->tax->calculate($option_value['price']
NOT FOUND - OPERATION SKIPPED!

FILE: catalog/controller/extension/module/filter.php
CODE: $option_price = $this->currency->format
NOT FOUND - OPERATION SKIPPED!
CODE: $price = $this->currency->format($this->tax->calculate($option_value['price']
NOT FOUND - OPERATION SKIPPED!

FILE: catalog/controller/extension/module/google_hangouts.php
CODE: $option_price = $this->currency->format
NOT FOUND - OPERATION SKIPPED!
CODE: $price = $this->currency->format($this->tax->calculate($option_value['price']
NOT FOUND - OPERATION SKIPPED!

FILE: catalog/controller/extension/module/html.php
CODE: $option_price = $this->currency->format
NOT FOUND - OPERATION SKIPPED!
CODE: $price = $this->currency->format($this->tax->calculate($option_value['price']
NOT FOUND - OPERATION SKIPPED!

FILE: catalog/controller/extension/module/information.php
CODE: $option_price = $this->currency->format
NOT FOUND - OPERATION SKIPPED!
CODE: $price = $this->currency->format($this->tax->calculate($option_value['price']
NOT FOUND - OPERATION SKIPPED!

FILE: catalog/controller/extension/module/latest.php
CODE: $option_price = $this->currency->format
NOT FOUND - OPERATION SKIPPED!
CODE: $price = $this->currency->format($this->tax->calculate($option_value['price']
NOT FOUND - OPERATION SKIPPED!

FILE: catalog/controller/extension/module/paypal_smart_button.php
CODE: $option_price = $this->currency->format
NOT FOUND - OPERATION SKIPPED!
CODE: $price = $this->currency->format($this->tax->calculate($option_value['price']
NOT FOUND - OPERATION SKIPPED!

FILE: catalog/controller/extension/module/slideshow.php
CODE: $option_price = $this->currency->format
NOT FOUND - OPERATION SKIPPED!
CODE: $price = $this->currency->format($this->tax->calculate($option_value['price']
NOT FOUND - OPERATION SKIPPED!

FILE: catalog/controller/extension/module/sms_alert.php
CODE: $option_price = $this->currency->format
NOT FOUND - OPERATION SKIPPED!
CODE: $price = $this->currency->format($this->tax->calculate($option_value['price']
NOT FOUND - OPERATION SKIPPED!

FILE: catalog/controller/extension/module/special.php
CODE: $option_price = $this->currency->format
NOT FOUND - OPERATION SKIPPED!
CODE: $price = $this->currency->format($this->tax->calculate($option_value['price']
NOT FOUND - OPERATION SKIPPED!

FILE: catalog/controller/extension/module/store.php
CODE: $option_price = $this->currency->format
NOT FOUND - OPERATION SKIPPED!
CODE: $price = $this->currency->format($this->tax->calculate($option_value['price']
NOT FOUND - OPERATION SKIPPED!

FILE: catalog/view/theme/default/template/product/product.twig
CODE: {{ option_value['price_prefix'] }}{{ option_value['price'] }}
NOT FOUND - OPERATION SKIPPED!
CODE: function updateProductPrice() {
NOT FOUND - OPERATION SKIPPED!

FILE: catalog/view/theme/flowertheme/template/product/product.twig
CODE: {{ option_value['price_prefix'] }}{{ option_value['price'] }}
NOT FOUND - OPERATION SKIPPED!
CODE: function updateProductPrice() {
NOT FOUND - OPERATION SKIPPED!

FILE: (sub modification) catalog/view/theme/default/template/product/product.twig
CODE: {{ option_value.price_prefix }}{{ option_value.price }}
LINE: 173
LINE: 189
LINE: 205
CODE: value="{{ option_value.product_option_value_id }}"
LINE: 171
LINE: 185
LINE: 201
CODE: {{option_value.price_prefix}}{{option_value.price}}
NOT FOUND - OPERATION SKIPPED!
CODE: value="{{option_value.product_option_value_id}}"
NOT FOUND - OPERATION SKIPPED!
CODE: value="{{ option_value['product_option_value_id'] }}"
NOT FOUND - OPERATION SKIPPED!
CODE: {{footer}}
NOT FOUND - OPERATION SKIPPED!
CODE: {{ footer }}
LINE: 695

FILE: (sub modification) catalog/view/theme/flowertheme/template/product/product.twig
CODE: {{ option_value.price_prefix }}{{ option_value.price }}
LINE: 153
LINE: 178
LINE: 205
CODE: value="{{ option_value.product_option_value_id }}"
LINE: 151
LINE: 167
LINE: 194
CODE: {{option_value.price_prefix}}{{option_value.price}}
NOT FOUND - OPERATION SKIPPED!
CODE: value="{{option_value.product_option_value_id}}"
NOT FOUND - OPERATION SKIPPED!
CODE: value="{{ option_value['product_option_value_id'] }}"
NOT FOUND - OPERATION SKIPPED!
CODE: {{footer}}
NOT FOUND - OPERATION SKIPPED!
CODE: {{ footer }}
LINE: 714
----------------------------------------------------------------
MOD: FlowerTheme

FILE: catalog/controller/common/menu.php
CODE: foreach ($children as $child) {
LINE: 38
CODE: 'name'  => $child['name'] . ($this->config->get('config_product_count') ? ' (' . $this->model_catalog_product->getTotalProducts($filter_data) . ')' : ''),
LINE: 49

FILE: catalog/controller/common/header.php
CODE: $data['telephone'] = $this->config->get('config_telephone');
LINE: 75

FILE: (sub modification) catalog/controller/product/category.php
CODE: $data['categories'][] = array(
LINE: 143

FILE: catalog/language/ru-ru/checkout/cart.php
CODE: Товаров: %s (%s)
NOT FOUND - OPERATION SKIPPED!
CODE: Товаров %s (%s)
NOT FOUND - OPERATION SKIPPED!
CODE: Товаров %s  (%s)
LINE: 5

FILE: catalog/language/ru-ru/common/cart.php
CODE: Товаров: %s (%s)
NOT FOUND - OPERATION SKIPPED!
CODE: Товаров %s (%s)
LINE: 2
CODE: Товаров %s  (%s)
NOT FOUND - OPERATION SKIPPED!

FILE: catalog/language/ru-ru/ru-ru.php
CODE: $_['thousand_point']        = '';
NOT FOUND - OPERATIONS ABORTED!
----------------------------------------------------------------
